<?xml version="1.0" encoding="UTF-8"?>
<testsuite xmlns:xsi="http://www.w3.org/2001/XMLSchema-instance" xsi:noNamespaceSchemaLocation="https://maven.apache.org/surefire/maven-surefire-plugin/xsd/surefire-test-report.xsd" version="3.0.2" name="com.flight.FlightReservationSystemApplicationTests" time="9.65" tests="1" errors="0" skipped="0" failures="0">
  <properties>
[...]
</properties>
  <testcase name="contextLoads" classname="com.flight.FlightReservationSystemApplicationTests" time="0.467">
    <system-out><![CDATA[12:55:35.352 [main] INFO org.springframework.test.context.support.AnnotationConfigContextLoaderUtils -- Could not detect default configuration classes for test class [com.flight.FlightReservationSystemApplicationTests]: FlightReservationSystemApplicationTests does not declare any static, non-private, non-final, nested classes annotated with @Configuration.
12:55:35.447 [main] INFO org.springframework.boot.test.context.SpringBootTestContextBootstrapper -- Found @SpringBootConfiguration com.flight.FlightReservationSystemApplication for test class com.flight.FlightReservationSystemApplicationTests
12:55:35.654 [main] INFO org.springframework.boot.devtools.restart.RestartApplicationListener -- Restart disabled due to context in which it is running

  .   ____          _            __ _ _
 /\\ / ___'_ __ _ _(_)_ __  __ _ \ \ \ \
( ( )\___ | '_ | '_| | '_ \/ _` | \ \ \ \
 \\/  ___)| |_)| | | | | || (_| |  ) ) ) )
  '  |____| .__|_| |_|_| |_\__, | / / / /
 =========|_|==============|___/=/_/_/_/

 :: Spring Boot ::                (v4.0.2)

2026-02-12T12:55:35.976+05:30  INFO 12144 --- [FlightReservationSystem] [           main] .FlightReservationSystemApplicationTests : Starting FlightReservationSystemApplicationTests using Java 17.0.10 with PID 12144 (started by TechSwing in D:\Rajapriyanka\Practicing\FlightReservationSystem)
2026-02-12T12:55:35.981+05:30  INFO 12144 --- [FlightReservationSystem] [           main] .FlightReservationSystemApplicationTests : No active profile set, falling back to 1 default profile: "default"
2026-02-12T12:55:36.828+05:30  INFO 12144 --- [FlightReservationSystem] [           main] .s.d.r.c.RepositoryConfigurationDelegate : Bootstrapping Spring Data JPA repositories in DEFAULT mode.
2026-02-12T12:55:37.016+05:30  INFO 12144 --- [FlightReservationSystem] [           main] .s.d.r.c.RepositoryConfigurationDelegate : Finished Spring Data repository scanning in 176 ms. Found 4 JPA repository interfaces.
2026-02-12T12:55:37.458+05:30  INFO 12144 --- [FlightReservationSystem] [           main] org.hibernate.orm.jpa                    : HHH008540: Processing PersistenceUnitInfo [name: default]
2026-02-12T12:55:37.558+05:30  INFO 12144 --- [FlightReservationSystem] [           main] org.hibernate.orm.core                   : HHH000001: Hibernate ORM core version 7.2.1.Final
2026-02-12T12:55:38.470+05:30  INFO 12144 --- [FlightReservationSystem] [           main] o.s.o.j.p.SpringPersistenceUnitInfo      : No LoadTimeWeaver setup: ignoring JPA class transformer
2026-02-12T12:55:38.538+05:30  INFO 12144 --- [FlightReservationSystem] [           main] com.zaxxer.hikari.HikariDataSource       : HikariPool-1 - Starting...
2026-02-12T12:55:39.458+05:30  INFO 12144 --- [FlightReservationSystem] [           main] com.zaxxer.hikari.pool.HikariPool        : HikariPool-1 - Added connection org.postgresql.jdbc.PgConnection@3749c2b
2026-02-12T12:55:39.460+05:30  INFO 12144 --- [FlightReservationSystem] [           main] com.zaxxer.hikari.HikariDataSource       : HikariPool-1 - Start completed.
2026-02-12T12:55:39.612+05:30  WARN 12144 --- [FlightReservationSystem] [           main] org.hibernate.orm.deprecation            : HHH90000025: PostgreSQLDialect does not need to be specified explicitly using 'hibernate.dialect' (remove the property setting and it will be selected by default)
2026-02-12T12:55:39.948+05:30  INFO 12144 --- [FlightReservationSystem] [           main] org.hibernate.orm.connections.pooling    : HHH10001005: Database info:
	Database JDBC URL [jdbc:postgresql://111.118.176.81:6000/testdb]
	Database driver: PostgreSQL JDBC Driver
	Database dialect: PostgreSQLDialect
	Database version: 16.3
	Default catalog/schema: testdb/public
	Autocommit mode: undefined/unknown
	Isolation level: READ_COMMITTED [default READ_COMMITTED]
	JDBC fetch size: none
	Pool: DataSourceConnectionProvider
	Minimum pool size: undefined/unknown
	Maximum pool size: undefined/unknown
2026-02-12T12:55:40.859+05:30  INFO 12144 --- [FlightReservationSystem] [           main] org.hibernate.orm.core                   : HHH000489: No JTA platform available (set 'hibernate.transaction.jta.platform' to enable JTA platform integration)
2026-02-12T12:55:42.050+05:30  INFO 12144 --- [FlightReservationSystem] [           main] j.LocalContainerEntityManagerFactoryBean : Initialized JPA EntityManagerFactory for persistence unit 'default'
2026-02-12T12:55:42.204+05:30  INFO 12144 --- [FlightReservationSystem] [           main] o.s.d.j.r.query.QueryEnhancerFactories   : Hibernate is in classpath; If applicable, HQL parser will be used.
2026-02-12T12:55:44.253+05:30  INFO 12144 --- [FlightReservationSystem] [           main] .FlightReservationSystemApplicationTests : Started FlightReservationSystemApplicationTests in 8.611 seconds (process running for 10.002)
]]></system-out>
  </testcase>
</testsuite>